Base path: C:/Program Files (x86)/Unity/Editor/Data
Pipe name: \\.\pipe\UnityShaderCompiler-2-7124
Cmd: getPlatforms
Cmd: compileSnippet
  api=1 type=0 insize=10605 outsize=132 kw= ok=1
Cmd: compileSnippet
  api=0 type=1 insize=10627 outsize=6 kw= ok=1
Cmd: compileSnippet
  api=0 type=0 insize=5451 outsize=328 kw= ok=1
Cmd: compileSnippet
  api=1 type=1 insize=5451 outsize=111 kw= ok=1
Cmd: compileSnippet
  api=1 type=0 insize=5459 outsize=302 kw= ok=1
Cmd: compileSnippet
  api=8 type=0 insize=5463 outsize=2088 kw= ok=1
Cmd: compileSnippet
  api=0 type=0 insize=5464 outsize=463 kw= ok=1
Cmd: compileSnippet
  api=8 type=1 insize=5464 outsize=2755 kw= ok=1
Cmd: compileSnippet
  api=0 type=1 insize=5468 outsize=726 kw= ok=1
Cmd: compileSnippet
  api=1 type=0 insize=5470 outsize=412 kw= ok=1
Cmd: compileSnippet
  api=1 type=0 insize=32668 outsize=156 kw= ok=1
Cmd: compileSnippet
  api=0 type=0 insize=1749 outsize=671 kw= ok=1
Cmd: compileSnippet
  api=0 type=0 insize=32678 outsize=8819 kw= ok=1
Cmd: compileSnippet
  api=0 type=1 insize=3862 outsize=6 kw= ok=1
Cmd: compileSnippet
  api=0 type=1 insize=6851 outsize=6 kw= ok=1
Cmd: compileSnippet
  api=0 type=1 insize=4197 outsize=6 kw= ok=1
Unhandled exception: Readfile from pipe failed. GLE=The pipe has been ended.


Quitting shader compiler process
