Base path: G:/Editor/Data
Pipe name: \\.\pipe\UnityShaderCompiler-7-1212
Cmd: getPlatforms
Cmd: compileSnippet
  api=0 type=1 insize=5451 outsize=213 kw= ok=1
Cmd: compileSnippet
  api=8 type=0 insize=5463 outsize=2088 kw= ok=1
Cmd: compileSnippet
  api=0 type=0 insize=5464 outsize=463 kw= ok=1
Cmd: compileSnippet
  api=1 type=0 insize=5468 outsize=412 kw= ok=1
Cmd: compileSnippet
  api=0 type=0 insize=5470 outsize=708 kw= ok=1
Cmd: compileSnippet
  api=8 type=1 insize=5470 outsize=2885 kw= ok=1
Cmd: compileSnippet
  api=0 type=1 insize=1749 outsize=1369 kw= ok=1
Cmd: compileSnippet
  api=1 type=1 insize=6851 outsize=1855 kw= ok=1
Cmd: compileSnippet
  api=1 type=1 insize=4192 outsize=1043 kw= ok=1
Cmd: compileSnippet
  api=0 type=1 insize=4197 outsize=6 kw= ok=1
Unhandled exception: Readfile from pipe failed. GLE=The pipe has been ended.


Quitting shader compiler process
